<?xml version="1.0" encoding="UTF-8"?>
<!-- Generated by org.testng.reporters.JUnitXMLReporter -->
<testsuite ignored="0" hostname="DESKTOP-613T72M" failures="0" tests="5" name="Default test" time="29.497" errors="0" timestamp="2023-10-18T18:48:54 GMT-11:00">
  <testcase classname="com.qa.testcases.TC_HomePage_004" name="test1" time="3.694"/>
  <testcase classname="com.qa.testcases.TC_HomePage_004" name="checkLinkCount" time="2.419"/>
  <testcase classname="com.qa.testcases.TC_HomePage_004" name="checkCategoriesLink" time="0.081"/>
  <testcase classname="com.qa.testcases.TC_HomePage_004" name="checkFeaturedProduct" time="5.114"/>
  <testcase classname="com.qa.testcases.TC_HomePage_004" name="checkRecomendededProduct" time="18.159"/>
</testsuite> <!-- Default test -->
