<?xml version="1.0" encoding="UTF-8"?>
<!-- Generated by org.testng.reporters.JUnitXMLReporter -->
<testsuite ignored="0" hostname="DESKTOP-613T72M" failures="0" tests="3" name="Default test" time="6.484" errors="0" timestamp="2023-10-18T13:43:28 GMT-11:00">
  <testcase classname="com.qa.testcases.TC_HomePage_004" name="test1" time="3.833"/>
  <testcase classname="com.qa.testcases.TC_HomePage_004" name="checkLinkCount" time="2.534"/>
  <testcase classname="com.qa.testcases.TC_HomePage_004" name="checkCategoriesLink" time="0.093"/>
</testsuite> <!-- Default test -->
