<?xml version="1.0" encoding="UTF-8"?>
<!-- Generated by org.testng.reporters.JUnitXMLReporter -->
<testsuite ignored="0" hostname="DESKTOP-613T72M" failures="0" tests="3" name="Default test" time="35.035" errors="0" timestamp="2023-10-20T01:06:21 GMT-11:00">
  <testcase classname="com.qa.testcases.TC_LogInPage_002" name="test1" time="4.465"/>
  <testcase classname="com.qa.testcases.TC_LogInPage_002" name="loginWithEmptyInput" time="13.397"/>
  <testcase classname="com.qa.testcases.TC_LogInPage_002" name="loginWithValidEmailAndPassword" time="17.148"/>
</testsuite> <!-- Default test -->
