<?xml version="1.0" encoding="UTF-8"?>
<!-- Generated by org.testng.reporters.JUnitXMLReporter -->
<testsuite ignored="0" hostname="DESKTOP-613T72M" failures="0" tests="5" name="Default test" time="63.3" errors="0" timestamp="2023-10-20T01:19:38 GMT-11:00">
  <testcase classname="com.qa.testcases.TC_LogInPage_002" name="test1" time="4.059"/>
  <testcase classname="com.qa.testcases.TC_LogInPage_002" name="loginWithEmptyInput" time="12.946"/>
  <testcase classname="com.qa.testcases.TC_LogInPage_002" name="loginWithInvalidEmail" time="15.655"/>
  <testcase classname="com.qa.testcases.TC_LogInPage_002" name="loginWithInvalidPassword" time="14.303"/>
  <testcase classname="com.qa.testcases.TC_LogInPage_002" name="loginWithValidEmailAndPassword" time="16.305"/>
</testsuite> <!-- Default test -->
