<?xml version="1.0" encoding="UTF-8"?>
<!-- Generated by org.testng.reporters.JUnitXMLReporter -->
<testsuite ignored="0" hostname="DESKTOP-613T72M" failures="0" tests="4" name="Default test" time="15.265" errors="0" timestamp="2023-10-18T01:04:17 GMT-11:00">
  <testcase classname="com.qa.testcases.TC_HomePage_004" name="test1" time="5.42"/>
  <testcase classname="com.qa.testcases.TC_HomePage_004" name="checkAllLink" time="1.173"/>
  <testcase classname="com.qa.testcases.TC_HomePage_004" name="checkCategoriesLink" time="0.088"/>
  <testcase classname="com.qa.testcases.TC_HomePage_004" name="checkFeaturedProduct" time="8.554"/>
</testsuite> <!-- Default test -->
