<?xml version="1.0" encoding="UTF-8"?>
<!-- Generated by org.testng.reporters.JUnitXMLReporter -->
<testsuite ignored="0" hostname="DESKTOP-613T72M" failures="0" tests="6" name="Default test" time="55.74" errors="0" timestamp="2023-10-19T21:09:47 GMT-11:00">
  <testcase classname="com.qa.testcases.TC_RegisterPage_001" name="test1" time="3.527"/>
  <testcase classname="com.qa.testcases.TC_RegisterPage_001" name="doSignUpWithBlankInput" time="7.195"/>
  <testcase classname="com.qa.testcases.TC_RegisterPage_001" name="doSignUpWithValidEmail" time="6.692"/>
  <testcase classname="com.qa.testcases.TC_RegisterPage_001" name="fillSignupInfoWithBlankInput" time="6.117"/>
  <testcase classname="com.qa.testcases.TC_RegisterPage_001" name="fillupValidSignupInformation" time="20.219"/>
  <testcase classname="com.qa.testcases.TC_RegisterPage_001" name="doLogOut" time="11.956"/>
</testsuite> <!-- Default test -->
