<?xml version="1.0" encoding="UTF-8"?>
<testng-results ignored="0" total="3" passed="3" failed="0" skipped="0">
  <reporter-output>
  </reporter-output>
  <suite started-at="2023-10-18T13:43:21 GMT-11:00" name="Default suite" finished-at="2023-10-18T13:43:28 GMT-11:00" duration-ms="6484">
    <groups>
    </groups>
    <test started-at="2023-10-18T13:43:21 GMT-11:00" name="Default test" finished-at="2023-10-18T13:43:28 GMT-11:00" duration-ms="6484">
      <class name="com.qa.testcases.TC_HomePage_004">
        <test-method is-config="true" signature="startBrowser()[pri:0, instance:com.qa.testcases.TC_HomePage_004@36ebc363]" started-at="2023-10-18T13:43:20 GMT-11:00" name="startBrowser" finished-at="2023-10-18T13:43:21 GMT-11:00" duration-ms="1243" status="PASS">
          <reporter-output>
          </reporter-output>
        </test-method> <!-- startBrowser -->
        <test-method signature="test1()[pri:0, instance:com.qa.testcases.TC_HomePage_004@36ebc363]" started-at="2023-10-18T13:43:21 GMT-11:00" name="test1" finished-at="2023-10-18T13:43:25 GMT-11:00" duration-ms="3833" status="PASS">
          <reporter-output>
          </reporter-output>
        </test-method> <!-- test1 -->
        <test-method signature="checkLinkCount()[pri:1, instance:com.qa.testcases.TC_HomePage_004@36ebc363]" started-at="2023-10-18T13:43:25 GMT-11:00" name="checkLinkCount" finished-at="2023-10-18T13:43:28 GMT-11:00" duration-ms="2534" status="PASS">
          <reporter-output>
          </reporter-output>
        </test-method> <!-- checkLinkCount -->
        <test-method signature="checkCategoriesLink()[pri:2, instance:com.qa.testcases.TC_HomePage_004@36ebc363]" started-at="2023-10-18T13:43:28 GMT-11:00" name="checkCategoriesLink" finished-at="2023-10-18T13:43:28 GMT-11:00" duration-ms="93" status="PASS">
          <reporter-output>
          </reporter-output>
        </test-method> <!-- checkCategoriesLink -->
        <test-method is-config="true" signature="close()[pri:0, instance:com.qa.testcases.TC_HomePage_004@36ebc363]" started-at="2023-10-18T13:43:28 GMT-11:00" name="close" finished-at="2023-10-18T13:43:28 GMT-11:00" duration-ms="301" status="PASS">
          <reporter-output>
          </reporter-output>
        </test-method> <!-- close -->
      </class> <!-- com.qa.testcases.TC_HomePage_004 -->
    </test> <!-- Default test -->
  </suite> <!-- Default suite -->
</testng-results>
