<?xml version="1.0" encoding="UTF-8"?>
<testng-results ignored="0" total="5" passed="5" failed="0" skipped="0">
  <reporter-output>
  </reporter-output>
  <suite started-at="2023-10-18T18:48:25 GMT-11:00" name="Default suite" finished-at="2023-10-18T18:48:54 GMT-11:00" duration-ms="29497">
    <groups>
    </groups>
    <test started-at="2023-10-18T18:48:25 GMT-11:00" name="Default test" finished-at="2023-10-18T18:48:54 GMT-11:00" duration-ms="29497">
      <class name="com.qa.testcases.TC_HomePage_004">
        <test-method is-config="true" signature="startBrowser()[pri:0, instance:com.qa.testcases.TC_HomePage_004@3c41ed1d]" started-at="2023-10-18T18:48:24 GMT-11:00" name="startBrowser" finished-at="2023-10-18T18:48:25 GMT-11:00" duration-ms="1381" status="PASS">
          <reporter-output>
          </reporter-output>
        </test-method> <!-- startBrowser -->
        <test-method signature="test1()[pri:0, instance:com.qa.testcases.TC_HomePage_004@3c41ed1d]" started-at="2023-10-18T18:48:25 GMT-11:00" name="test1" finished-at="2023-10-18T18:48:29 GMT-11:00" duration-ms="3694" status="PASS">
          <reporter-output>
          </reporter-output>
        </test-method> <!-- test1 -->
        <test-method signature="checkLinkCount()[pri:1, instance:com.qa.testcases.TC_HomePage_004@3c41ed1d]" started-at="2023-10-18T18:48:29 GMT-11:00" name="checkLinkCount" finished-at="2023-10-18T18:48:31 GMT-11:00" duration-ms="2419" status="PASS">
          <reporter-output>
          </reporter-output>
        </test-method> <!-- checkLinkCount -->
        <test-method signature="checkCategoriesLink()[pri:2, instance:com.qa.testcases.TC_HomePage_004@3c41ed1d]" started-at="2023-10-18T18:48:31 GMT-11:00" name="checkCategoriesLink" finished-at="2023-10-18T18:48:31 GMT-11:00" duration-ms="81" status="PASS">
          <reporter-output>
          </reporter-output>
        </test-method> <!-- checkCategoriesLink -->
        <test-method signature="checkFeaturedProduct()[pri:3, instance:com.qa.testcases.TC_HomePage_004@3c41ed1d]" started-at="2023-10-18T18:48:31 GMT-11:00" name="checkFeaturedProduct" finished-at="2023-10-18T18:48:36 GMT-11:00" duration-ms="5114" status="PASS">
          <reporter-output>
          </reporter-output>
        </test-method> <!-- checkFeaturedProduct -->
        <test-method signature="checkRecomendededProduct()[pri:4, instance:com.qa.testcases.TC_HomePage_004@3c41ed1d]" started-at="2023-10-18T18:48:36 GMT-11:00" name="checkRecomendededProduct" finished-at="2023-10-18T18:48:54 GMT-11:00" duration-ms="18159" status="PASS">
          <reporter-output>
          </reporter-output>
        </test-method> <!-- checkRecomendededProduct -->
        <test-method is-config="true" signature="close()[pri:0, instance:com.qa.testcases.TC_HomePage_004@3c41ed1d]" started-at="2023-10-18T18:48:54 GMT-11:00" name="close" finished-at="2023-10-18T18:48:55 GMT-11:00" duration-ms="543" status="PASS">
          <reporter-output>
          </reporter-output>
        </test-method> <!-- close -->
      </class> <!-- com.qa.testcases.TC_HomePage_004 -->
    </test> <!-- Default test -->
  </suite> <!-- Default suite -->
</testng-results>
