<?xml version="1.0" encoding="UTF-8"?>
<testng-results ignored="0" total="4" passed="4" failed="0" skipped="0">
  <reporter-output>
  </reporter-output>
  <suite started-at="2023-10-18T01:04:01 GMT-11:00" name="Default suite" finished-at="2023-10-18T01:04:17 GMT-11:00" duration-ms="15265">
    <groups>
    </groups>
    <test started-at="2023-10-18T01:04:01 GMT-11:00" name="Default test" finished-at="2023-10-18T01:04:17 GMT-11:00" duration-ms="15265">
      <class name="com.qa.testcases.TC_HomePage_004">
        <test-method is-config="true" signature="startBrowser()[pri:0, instance:com.qa.testcases.TC_HomePage_004@34e9fd99]" started-at="2023-10-18T01:03:57 GMT-11:00" name="startBrowser" finished-at="2023-10-18T01:04:01 GMT-11:00" duration-ms="4690" status="PASS">
          <reporter-output>
          </reporter-output>
        </test-method> <!-- startBrowser -->
        <test-method signature="test1()[pri:1, instance:com.qa.testcases.TC_HomePage_004@34e9fd99]" started-at="2023-10-18T01:04:01 GMT-11:00" name="test1" finished-at="2023-10-18T01:04:07 GMT-11:00" duration-ms="5420" status="PASS">
          <reporter-output>
          </reporter-output>
        </test-method> <!-- test1 -->
        <test-method signature="checkAllLink()[pri:2, instance:com.qa.testcases.TC_HomePage_004@34e9fd99]" started-at="2023-10-18T01:04:07 GMT-11:00" name="checkAllLink" finished-at="2023-10-18T01:04:08 GMT-11:00" duration-ms="1173" status="PASS">
          <reporter-output>
          </reporter-output>
        </test-method> <!-- checkAllLink -->
        <test-method signature="checkCategoriesLink()[pri:3, instance:com.qa.testcases.TC_HomePage_004@34e9fd99]" started-at="2023-10-18T01:04:08 GMT-11:00" name="checkCategoriesLink" finished-at="2023-10-18T01:04:08 GMT-11:00" duration-ms="88" status="PASS">
          <reporter-output>
          </reporter-output>
        </test-method> <!-- checkCategoriesLink -->
        <test-method signature="checkFeaturedProduct()[pri:4, instance:com.qa.testcases.TC_HomePage_004@34e9fd99]" started-at="2023-10-18T01:04:08 GMT-11:00" name="checkFeaturedProduct" finished-at="2023-10-18T01:04:17 GMT-11:00" duration-ms="8554" status="PASS">
          <reporter-output>
          </reporter-output>
        </test-method> <!-- checkFeaturedProduct -->
        <test-method is-config="true" signature="close()[pri:0, instance:com.qa.testcases.TC_HomePage_004@34e9fd99]" started-at="2023-10-18T01:04:17 GMT-11:00" name="close" finished-at="2023-10-18T01:04:17 GMT-11:00" duration-ms="158" status="PASS">
          <reporter-output>
          </reporter-output>
        </test-method> <!-- close -->
      </class> <!-- com.qa.testcases.TC_HomePage_004 -->
    </test> <!-- Default test -->
  </suite> <!-- Default suite -->
</testng-results>
