<?xml version="1.0" encoding="UTF-8"?>
<testng-results ignored="0" total="8" passed="8" failed="0" skipped="0">
  <reporter-output>
  </reporter-output>
  <suite started-at="2023-10-23T01:24:55 GMT-11:00" name="Default suite" finished-at="2023-10-23T01:25:52 GMT-11:00" duration-ms="57242">
    <groups>
    </groups>
    <test started-at="2023-10-23T01:24:55 GMT-11:00" name="Default test" finished-at="2023-10-23T01:25:52 GMT-11:00" duration-ms="57242">
      <class name="com.qa.testcases.TC_HomePage_004">
        <test-method is-config="true" signature="startBrowser()[pri:0, instance:com.qa.testcases.TC_HomePage_004@327514f]" started-at="2023-10-23T01:24:53 GMT-11:00" name="startBrowser" finished-at="2023-10-23T01:24:55 GMT-11:00" duration-ms="1807" status="PASS">
          <reporter-output>
          </reporter-output>
        </test-method> <!-- startBrowser -->
        <test-method signature="test1()[pri:0, instance:com.qa.testcases.TC_HomePage_004@327514f]" started-at="2023-10-23T01:24:55 GMT-11:00" name="test1" finished-at="2023-10-23T01:24:59 GMT-11:00" duration-ms="3957" status="PASS">
          <reporter-output>
          </reporter-output>
        </test-method> <!-- test1 -->
        <test-method signature="checkLinkCount()[pri:1, instance:com.qa.testcases.TC_HomePage_004@327514f]" started-at="2023-10-23T01:24:59 GMT-11:00" name="checkLinkCount" description="Verify all the link exists on homepage" finished-at="2023-10-23T01:24:59 GMT-11:00" duration-ms="116" status="PASS">
          <reporter-output>
          </reporter-output>
        </test-method> <!-- checkLinkCount -->
        <test-method signature="checkCategoriesLink()[pri:2, instance:com.qa.testcases.TC_HomePage_004@327514f]" started-at="2023-10-23T01:24:59 GMT-11:00" name="checkCategoriesLink" description="Verify all the category link exists on homepage" finished-at="2023-10-23T01:25:00 GMT-11:00" duration-ms="171" status="PASS">
          <reporter-output>
          </reporter-output>
        </test-method> <!-- checkCategoriesLink -->
        <test-method signature="checkFeaturedProduct()[pri:3, instance:com.qa.testcases.TC_HomePage_004@327514f]" started-at="2023-10-23T01:25:00 GMT-11:00" name="checkFeaturedProduct" description="Verify user can add featured products to the cart" finished-at="2023-10-23T01:25:04 GMT-11:00" duration-ms="4183" status="PASS">
          <reporter-output>
          </reporter-output>
        </test-method> <!-- checkFeaturedProduct -->
        <test-method signature="checkRecomendededProduct()[pri:4, instance:com.qa.testcases.TC_HomePage_004@327514f]" started-at="2023-10-23T01:25:04 GMT-11:00" name="checkRecomendededProduct" description="Verify user can add recomended products to the cart" finished-at="2023-10-23T01:25:19 GMT-11:00" duration-ms="15600" status="PASS">
          <reporter-output>
          </reporter-output>
        </test-method> <!-- checkRecomendededProduct -->
        <test-method signature="viewCart()[pri:5, instance:com.qa.testcases.TC_HomePage_004@327514f]" started-at="2023-10-23T01:25:19 GMT-11:00" name="viewCart" description="Verify user can view cart" finished-at="2023-10-23T01:25:23 GMT-11:00" duration-ms="4065" status="PASS">
          <reporter-output>
          </reporter-output>
        </test-method> <!-- viewCart -->
        <test-method signature="CheckoutWithOutLogIn()[pri:8, instance:com.qa.testcases.TC_HomePage_004@327514f]" started-at="2023-10-23T01:25:23 GMT-11:00" name="CheckoutWithOutLogIn" description="Verify user can&#039;t checkout order without logging in" finished-at="2023-10-23T01:25:25 GMT-11:00" duration-ms="2107" status="PASS">
          <reporter-output>
          </reporter-output>
        </test-method> <!-- CheckoutWithOutLogIn -->
        <test-method signature="loginWithAndCheckOut()[pri:9, instance:com.qa.testcases.TC_HomePage_004@327514f]" started-at="2023-10-23T01:25:25 GMT-11:00" name="loginWithAndCheckOut" description="Varify User logged in with for checkout" finished-at="2023-10-23T01:25:52 GMT-11:00" duration-ms="26991" status="PASS">
          <reporter-output>
          </reporter-output>
        </test-method> <!-- loginWithAndCheckOut -->
        <test-method is-config="true" signature="close()[pri:0, instance:com.qa.testcases.TC_HomePage_004@327514f]" started-at="2023-10-23T01:25:53 GMT-11:00" name="close" finished-at="2023-10-23T01:25:53 GMT-11:00" duration-ms="228" status="PASS">
          <reporter-output>
          </reporter-output>
        </test-method> <!-- close -->
      </class> <!-- com.qa.testcases.TC_HomePage_004 -->
    </test> <!-- Default test -->
  </suite> <!-- Default suite -->
</testng-results>
