<?xml version="1.0" encoding="UTF-8"?>
<testng-results ignored="0" total="3" passed="3" failed="0" skipped="0">
  <reporter-output>
  </reporter-output>
  <suite started-at="2023-10-19T00:14:01 GMT-11:00" name="Default suite" finished-at="2023-10-19T00:14:57 GMT-11:00" duration-ms="55400">
    <groups>
    </groups>
    <test started-at="2023-10-19T00:14:01 GMT-11:00" name="Default test" finished-at="2023-10-19T00:14:57 GMT-11:00" duration-ms="55400">
      <class name="com.qa.testcases.TC_RegisterPage_001">
        <test-method is-config="true" signature="startBrowser()[pri:0, instance:com.qa.testcases.TC_RegisterPage_001@45752059]" started-at="2023-10-19T00:14:00 GMT-11:00" name="startBrowser" finished-at="2023-10-19T00:14:01 GMT-11:00" duration-ms="1313" status="PASS">
          <reporter-output>
          </reporter-output>
        </test-method> <!-- startBrowser -->
        <test-method signature="test1()[pri:0, instance:com.qa.testcases.TC_RegisterPage_001@45752059]" started-at="2023-10-19T00:14:01 GMT-11:00" name="test1" finished-at="2023-10-19T00:14:06 GMT-11:00" duration-ms="4231" status="PASS">
          <reporter-output>
          </reporter-output>
        </test-method> <!-- test1 -->
        <test-method signature="test2()[pri:1, instance:com.qa.testcases.TC_RegisterPage_001@45752059]" started-at="2023-10-19T00:14:06 GMT-11:00" name="test2" finished-at="2023-10-19T00:14:17 GMT-11:00" duration-ms="11827" status="PASS">
          <reporter-output>
          </reporter-output>
        </test-method> <!-- test2 -->
        <test-method signature="test3()[pri:2, instance:com.qa.testcases.TC_RegisterPage_001@45752059]" started-at="2023-10-19T00:14:17 GMT-11:00" name="test3" finished-at="2023-10-19T00:14:57 GMT-11:00" duration-ms="39317" status="PASS">
          <reporter-output>
          </reporter-output>
        </test-method> <!-- test3 -->
        <test-method is-config="true" signature="close()[pri:0, instance:com.qa.testcases.TC_RegisterPage_001@45752059]" started-at="2023-10-19T00:14:57 GMT-11:00" name="close" finished-at="2023-10-19T00:14:57 GMT-11:00" duration-ms="184" status="PASS">
          <reporter-output>
          </reporter-output>
        </test-method> <!-- close -->
      </class> <!-- com.qa.testcases.TC_RegisterPage_001 -->
    </test> <!-- Default test -->
  </suite> <!-- Default suite -->
</testng-results>
