<?xml version="1.0" encoding="UTF-8"?>
<testng-results ignored="0" total="3" passed="3" failed="0" skipped="0">
  <reporter-output>
  </reporter-output>
  <suite started-at="2023-10-19T20:08:34 GMT-11:00" name="Default suite" finished-at="2023-10-19T20:08:55 GMT-11:00" duration-ms="21322">
    <groups>
    </groups>
    <test started-at="2023-10-19T20:08:34 GMT-11:00" name="Default test" finished-at="2023-10-19T20:08:55 GMT-11:00" duration-ms="21322">
      <class name="com.qa.testcases.TC_RegisterPage_001">
        <test-method is-config="true" signature="startBrowser()[pri:0, instance:com.qa.testcases.TC_RegisterPage_001@45752059]" started-at="2023-10-19T20:08:33 GMT-11:00" name="startBrowser" finished-at="2023-10-19T20:08:34 GMT-11:00" duration-ms="1502" status="PASS">
          <reporter-output>
          </reporter-output>
        </test-method> <!-- startBrowser -->
        <test-method signature="test1()[pri:0, instance:com.qa.testcases.TC_RegisterPage_001@45752059]" started-at="2023-10-19T20:08:34 GMT-11:00" name="test1" finished-at="2023-10-19T20:08:38 GMT-11:00" duration-ms="3840" status="PASS">
          <reporter-output>
          </reporter-output>
        </test-method> <!-- test1 -->
        <test-method signature="doSignUpWithBlankInput()[pri:1, instance:com.qa.testcases.TC_RegisterPage_001@45752059]" started-at="2023-10-19T20:08:38 GMT-11:00" name="doSignUpWithBlankInput" description="User shall not be proceed signup with blank input" finished-at="2023-10-19T20:08:46 GMT-11:00" duration-ms="8271" status="PASS">
          <reporter-output>
          </reporter-output>
        </test-method> <!-- doSignUpWithBlankInput -->
        <test-method signature="doSignUpWithValidEmail()[pri:2, instance:com.qa.testcases.TC_RegisterPage_001@45752059]" started-at="2023-10-19T20:08:46 GMT-11:00" name="doSignUpWithValidEmail" description="User shall be proceed to signup with valid name and email" finished-at="2023-10-19T20:08:55 GMT-11:00" duration-ms="9184" status="PASS">
          <reporter-output>
          </reporter-output>
        </test-method> <!-- doSignUpWithValidEmail -->
        <test-method is-config="true" signature="close()[pri:0, instance:com.qa.testcases.TC_RegisterPage_001@45752059]" started-at="2023-10-19T20:08:56 GMT-11:00" name="close" finished-at="2023-10-19T20:08:56 GMT-11:00" duration-ms="272" status="PASS">
          <reporter-output>
          </reporter-output>
        </test-method> <!-- close -->
      </class> <!-- com.qa.testcases.TC_RegisterPage_001 -->
    </test> <!-- Default test -->
  </suite> <!-- Default suite -->
</testng-results>
