<?xml version="1.0" encoding="UTF-8"?>
<testng-results ignored="0" total="3" passed="3" failed="0" skipped="0">
  <reporter-output>
  </reporter-output>
  <suite started-at="2023-10-20T01:05:46 GMT-11:00" name="Default suite" finished-at="2023-10-20T01:06:21 GMT-11:00" duration-ms="35035">
    <groups>
    </groups>
    <test started-at="2023-10-20T01:05:46 GMT-11:00" name="Default test" finished-at="2023-10-20T01:06:21 GMT-11:00" duration-ms="35035">
      <class name="com.qa.testcases.TC_LogInPage_002">
        <test-method is-config="true" signature="startBrowser()[pri:0, instance:com.qa.testcases.TC_LogInPage_002@45752059]" started-at="2023-10-20T01:05:45 GMT-11:00" name="startBrowser" finished-at="2023-10-20T01:05:46 GMT-11:00" duration-ms="1530" status="PASS">
          <reporter-output>
          </reporter-output>
        </test-method> <!-- startBrowser -->
        <test-method signature="test1()[pri:0, instance:com.qa.testcases.TC_LogInPage_002@45752059]" started-at="2023-10-20T01:05:46 GMT-11:00" name="test1" finished-at="2023-10-20T01:05:51 GMT-11:00" duration-ms="4465" status="PASS">
          <reporter-output>
          </reporter-output>
        </test-method> <!-- test1 -->
        <test-method signature="loginWithEmptyInput()[pri:1, instance:com.qa.testcases.TC_LogInPage_002@45752059]" started-at="2023-10-20T01:05:51 GMT-11:00" name="loginWithEmptyInput" description="Varify User logged in with correct email and password" finished-at="2023-10-20T01:06:04 GMT-11:00" duration-ms="13397" status="PASS">
          <reporter-output>
          </reporter-output>
        </test-method> <!-- loginWithEmptyInput -->
        <test-method signature="loginWithValidEmailAndPassword()[pri:2, instance:com.qa.testcases.TC_LogInPage_002@45752059]" started-at="2023-10-20T01:06:04 GMT-11:00" name="loginWithValidEmailAndPassword" description="Varify User logged in with correct email and password" finished-at="2023-10-20T01:06:21 GMT-11:00" duration-ms="17148" status="PASS">
          <reporter-output>
          </reporter-output>
        </test-method> <!-- loginWithValidEmailAndPassword -->
        <test-method is-config="true" signature="close()[pri:0, instance:com.qa.testcases.TC_LogInPage_002@45752059]" started-at="2023-10-20T01:06:21 GMT-11:00" name="close" finished-at="2023-10-20T01:06:21 GMT-11:00" duration-ms="134" status="PASS">
          <reporter-output>
          </reporter-output>
        </test-method> <!-- close -->
      </class> <!-- com.qa.testcases.TC_LogInPage_002 -->
    </test> <!-- Default test -->
  </suite> <!-- Default suite -->
</testng-results>
