<?xml version="1.0" encoding="UTF-8"?>
<testng-results ignored="0" total="6" passed="6" failed="0" skipped="0">
  <reporter-output>
  </reporter-output>
  <suite started-at="2023-10-19T21:08:51 GMT-11:00" name="Default suite" finished-at="2023-10-19T21:09:47 GMT-11:00" duration-ms="55740">
    <groups>
    </groups>
    <test started-at="2023-10-19T21:08:51 GMT-11:00" name="Default test" finished-at="2023-10-19T21:09:47 GMT-11:00" duration-ms="55740">
      <class name="com.qa.testcases.TC_RegisterPage_001">
        <test-method is-config="true" signature="startBrowser()[pri:0, instance:com.qa.testcases.TC_RegisterPage_001@54d9d12d]" started-at="2023-10-19T21:08:50 GMT-11:00" name="startBrowser" finished-at="2023-10-19T21:08:51 GMT-11:00" duration-ms="1213" status="PASS">
          <reporter-output>
          </reporter-output>
        </test-method> <!-- startBrowser -->
        <test-method signature="test1()[pri:0, instance:com.qa.testcases.TC_RegisterPage_001@54d9d12d]" started-at="2023-10-19T21:08:51 GMT-11:00" name="test1" finished-at="2023-10-19T21:08:55 GMT-11:00" duration-ms="3527" status="PASS">
          <reporter-output>
          </reporter-output>
        </test-method> <!-- test1 -->
        <test-method signature="doSignUpWithBlankInput()[pri:1, instance:com.qa.testcases.TC_RegisterPage_001@54d9d12d]" started-at="2023-10-19T21:08:55 GMT-11:00" name="doSignUpWithBlankInput" description="User shall not be proceed signup with blank input" finished-at="2023-10-19T21:09:02 GMT-11:00" duration-ms="7195" status="PASS">
          <reporter-output>
          </reporter-output>
        </test-method> <!-- doSignUpWithBlankInput -->
        <test-method signature="doSignUpWithValidEmail()[pri:2, instance:com.qa.testcases.TC_RegisterPage_001@54d9d12d]" started-at="2023-10-19T21:09:02 GMT-11:00" name="doSignUpWithValidEmail" description="User shall be proceed to signup with valid name and email" finished-at="2023-10-19T21:09:09 GMT-11:00" duration-ms="6692" status="PASS">
          <reporter-output>
          </reporter-output>
        </test-method> <!-- doSignUpWithValidEmail -->
        <test-method signature="fillSignupInfoWithBlankInput()[pri:3, instance:com.qa.testcases.TC_RegisterPage_001@54d9d12d]" started-at="2023-10-19T21:09:09 GMT-11:00" name="fillSignupInfoWithBlankInput" description="User account shall not be created with blank information input" finished-at="2023-10-19T21:09:15 GMT-11:00" duration-ms="6117" status="PASS">
          <reporter-output>
          </reporter-output>
        </test-method> <!-- fillSignupInfoWithBlankInput -->
        <test-method signature="fillupValidSignupInformation()[pri:4, instance:com.qa.testcases.TC_RegisterPage_001@54d9d12d]" started-at="2023-10-19T21:09:15 GMT-11:00" name="fillupValidSignupInformation" description="User account shall be created with all required information input" finished-at="2023-10-19T21:09:35 GMT-11:00" duration-ms="20219" status="PASS">
          <reporter-output>
          </reporter-output>
        </test-method> <!-- fillupValidSignupInformation -->
        <test-method signature="doLogOut()[pri:5, instance:com.qa.testcases.TC_RegisterPage_001@54d9d12d]" started-at="2023-10-19T21:09:35 GMT-11:00" name="doLogOut" description="User shall not be proceed signup with blank input" finished-at="2023-10-19T21:09:47 GMT-11:00" duration-ms="11956" status="PASS">
          <reporter-output>
          </reporter-output>
        </test-method> <!-- doLogOut -->
        <test-method is-config="true" signature="close()[pri:0, instance:com.qa.testcases.TC_RegisterPage_001@54d9d12d]" started-at="2023-10-19T21:09:47 GMT-11:00" name="close" finished-at="2023-10-19T21:09:47 GMT-11:00" duration-ms="173" status="PASS">
          <reporter-output>
          </reporter-output>
        </test-method> <!-- close -->
      </class> <!-- com.qa.testcases.TC_RegisterPage_001 -->
    </test> <!-- Default test -->
  </suite> <!-- Default suite -->
</testng-results>
