<?xml version="1.0" encoding="UTF-8"?>
<testng-results ignored="0" total="8" passed="7" failed="1" skipped="0">
  <reporter-output>
  </reporter-output>
  <suite started-at="2023-10-21T02:04:22 GMT-11:00" name="Default suite" finished-at="2023-10-21T02:05:31 GMT-11:00" duration-ms="69135">
    <groups>
    </groups>
    <test started-at="2023-10-21T02:04:22 GMT-11:00" name="Default test" finished-at="2023-10-21T02:05:31 GMT-11:00" duration-ms="69135">
      <class name="com.qa.testcases.TC_HomePage_004">
        <test-method is-config="true" signature="startBrowser()[pri:0, instance:com.qa.testcases.TC_HomePage_004@327514f]" started-at="2023-10-21T02:04:20 GMT-11:00" name="startBrowser" finished-at="2023-10-21T02:04:22 GMT-11:00" duration-ms="1401" status="PASS">
          <reporter-output>
          </reporter-output>
        </test-method> <!-- startBrowser -->
        <test-method signature="test1()[pri:0, instance:com.qa.testcases.TC_HomePage_004@327514f]" started-at="2023-10-21T02:04:22 GMT-11:00" name="test1" finished-at="2023-10-21T02:04:26 GMT-11:00" duration-ms="4082" status="PASS">
          <reporter-output>
          </reporter-output>
        </test-method> <!-- test1 -->
        <test-method signature="checkLinkCount()[pri:1, instance:com.qa.testcases.TC_HomePage_004@327514f]" started-at="2023-10-21T02:04:26 GMT-11:00" name="checkLinkCount" finished-at="2023-10-21T02:04:28 GMT-11:00" duration-ms="2518" status="PASS">
          <reporter-output>
          </reporter-output>
        </test-method> <!-- checkLinkCount -->
        <test-method signature="checkCategoriesLink()[pri:2, instance:com.qa.testcases.TC_HomePage_004@327514f]" started-at="2023-10-21T02:04:28 GMT-11:00" name="checkCategoriesLink" finished-at="2023-10-21T02:04:28 GMT-11:00" duration-ms="93" status="PASS">
          <reporter-output>
          </reporter-output>
        </test-method> <!-- checkCategoriesLink -->
        <test-method signature="checkFeaturedProduct()[pri:3, instance:com.qa.testcases.TC_HomePage_004@327514f]" started-at="2023-10-21T02:04:28 GMT-11:00" name="checkFeaturedProduct" finished-at="2023-10-21T02:04:34 GMT-11:00" duration-ms="5131" status="PASS">
          <reporter-output>
          </reporter-output>
        </test-method> <!-- checkFeaturedProduct -->
        <test-method signature="checkRecomendededProduct()[pri:4, instance:com.qa.testcases.TC_HomePage_004@327514f]" started-at="2023-10-21T02:04:34 GMT-11:00" name="checkRecomendededProduct" finished-at="2023-10-21T02:04:52 GMT-11:00" duration-ms="18173" status="PASS">
          <reporter-output>
          </reporter-output>
        </test-method> <!-- checkRecomendededProduct -->
        <test-method signature="viewCart()[pri:5, instance:com.qa.testcases.TC_HomePage_004@327514f]" started-at="2023-10-21T02:04:52 GMT-11:00" name="viewCart" finished-at="2023-10-21T02:04:55 GMT-11:00" duration-ms="3789" status="PASS">
          <reporter-output>
          </reporter-output>
        </test-method> <!-- viewCart -->
        <test-method signature="CheckoutLogIn()[pri:8, instance:com.qa.testcases.TC_HomePage_004@327514f]" started-at="2023-10-21T02:04:55 GMT-11:00" name="CheckoutLogIn" finished-at="2023-10-21T02:05:01 GMT-11:00" duration-ms="5263" status="PASS">
          <reporter-output>
          </reporter-output>
        </test-method> <!-- CheckoutLogIn -->
        <test-method signature="deleteFromCart()[pri:8, instance:com.qa.testcases.TC_HomePage_004@327514f]" started-at="2023-10-21T02:05:01 GMT-11:00" name="deleteFromCart" finished-at="2023-10-21T02:05:31 GMT-11:00" duration-ms="30051" status="FAIL">
          <exception class="org.openqa.selenium.NoSuchElementException">
            <message>
              <![CDATA[no such element: Unable to locate element: {"method":"xpath","selector":"//tr[@id='product-3']//a[1]/i[1]"}
  (Session info: chrome=118.0.5993.89)
For documentation on this error, please visit: https://www.selenium.dev/documentation/webdriver/troubleshooting/errors#no-such-element-exception
Build info: version: '4.14.1', revision: '03f8ede370'
System info: os.name: 'Windows 10', os.arch: 'amd64', os.version: '10.0', java.version: '20.0.2'
Driver info: org.openqa.selenium.chrome.ChromeDriver
Command: [8d3d662560e3b11ea1361df3e8ddaba7, findElement {using=xpath, value=//tr[@id='product-3']//a[1]/i[1]}]
Capabilities {acceptInsecureCerts: false, browserName: chrome, browserVersion: 118.0.5993.89, chrome: {chromedriverVersion: 118.0.5993.70 (e52f33f30b91..., userDataDir: C:\Users\Shoily\AppData\Loc...}, fedcm:accounts: true, goog:chromeOptions: {debuggerAddress: localhost:57577}, networkConnectionEnabled: false, pageLoadStrategy: normal, platformName: windows, proxy: Proxy(), se:cdp: ws://localhost:57577/devtoo..., se:cdpVersion: 118.0.5993.89, setWindowRect: true, strictFileInteractability: false, timeouts: {implicit: 0, pageLoad: 300000, script: 30000}, unhandledPromptBehavior: dismiss and notify, webauthn:extension:credBlob: true, webauthn:extension:largeBlob: true, webauthn:extension:minPinLength: true, webauthn:extension:prf: true, webauthn:virtualAuthenticators: true}
Session ID: 8d3d662560e3b11ea1361df3e8ddaba7]]>
            </message>
            <full-stacktrace>
              <![CDATA[org.openqa.selenium.NoSuchElementException: no such element: Unable to locate element: {"method":"xpath","selector":"//tr[@id='product-3']//a[1]/i[1]"}
  (Session info: chrome=118.0.5993.89)
For documentation on this error, please visit: https://www.selenium.dev/documentation/webdriver/troubleshooting/errors#no-such-element-exception
Build info: version: '4.14.1', revision: '03f8ede370'
System info: os.name: 'Windows 10', os.arch: 'amd64', os.version: '10.0', java.version: '20.0.2'
Driver info: org.openqa.selenium.chrome.ChromeDriver
Command: [8d3d662560e3b11ea1361df3e8ddaba7, findElement {using=xpath, value=//tr[@id='product-3']//a[1]/i[1]}]
Capabilities {acceptInsecureCerts: false, browserName: chrome, browserVersion: 118.0.5993.89, chrome: {chromedriverVersion: 118.0.5993.70 (e52f33f30b91..., userDataDir: C:\Users\Shoily\AppData\Loc...}, fedcm:accounts: true, goog:chromeOptions: {debuggerAddress: localhost:57577}, networkConnectionEnabled: false, pageLoadStrategy: normal, platformName: windows, proxy: Proxy(), se:cdp: ws://localhost:57577/devtoo..., se:cdpVersion: 118.0.5993.89, setWindowRect: true, strictFileInteractability: false, timeouts: {implicit: 0, pageLoad: 300000, script: 30000}, unhandledPromptBehavior: dismiss and notify, webauthn:extension:credBlob: true, webauthn:extension:largeBlob: true, webauthn:extension:minPinLength: true, webauthn:extension:prf: true, webauthn:virtualAuthenticators: true}
Session ID: 8d3d662560e3b11ea1361df3e8ddaba7
at java.base/jdk.internal.reflect.DirectConstructorHandleAccessor.newInstance(DirectConstructorHandleAccessor.java:67)
at java.base/java.lang.reflect.Constructor.newInstanceWithCaller(Constructor.java:500)
at java.base/java.lang.reflect.Constructor.newInstance(Constructor.java:484)
at org.openqa.selenium.remote.codec.w3c.W3CHttpResponseCodec.createException(W3CHttpResponseCodec.java:200)
at org.openqa.selenium.remote.codec.w3c.W3CHttpResponseCodec.decode(W3CHttpResponseCodec.java:133)
at org.openqa.selenium.remote.codec.w3c.W3CHttpResponseCodec.decode(W3CHttpResponseCodec.java:52)
at org.openqa.selenium.remote.HttpCommandExecutor.execute(HttpCommandExecutor.java:191)
at org.openqa.selenium.remote.service.DriverCommandExecutor.invokeExecute(DriverCommandExecutor.java:200)
at org.openqa.selenium.remote.service.DriverCommandExecutor.execute(DriverCommandExecutor.java:175)
at org.openqa.selenium.remote.RemoteWebDriver.execute(RemoteWebDriver.java:602)
at org.openqa.selenium.remote.ElementLocation$ElementFinder$2.findElement(ElementLocation.java:165)
at org.openqa.selenium.remote.ElementLocation.findElement(ElementLocation.java:59)
at org.openqa.selenium.remote.RemoteWebDriver.findElement(RemoteWebDriver.java:359)
at org.openqa.selenium.remote.RemoteWebDriver.findElement(RemoteWebDriver.java:353)
at com.qa.pages.HomePage.deleteProduct(HomePage.java:125)
at com.qa.testcases.TC_HomePage_004.deleteFromCart(TC_HomePage_004.java:77)
at java.base/jdk.internal.reflect.DirectMethodHandleAccessor.invoke(DirectMethodHandleAccessor.java:104)
at java.base/java.lang.reflect.Method.invoke(Method.java:578)
at org.testng.internal.invokers.MethodInvocationHelper.invokeMethod(MethodInvocationHelper.java:139)
at org.testng.internal.invokers.TestInvoker.invokeMethod(TestInvoker.java:664)
at org.testng.internal.invokers.TestInvoker.invokeTestMethod(TestInvoker.java:227)
at org.testng.internal.invokers.MethodRunner.runInSequence(MethodRunner.java:50)
at org.testng.internal.invokers.TestInvoker$MethodInvocationAgent.invoke(TestInvoker.java:957)
at org.testng.internal.invokers.TestInvoker.invokeTestMethods(TestInvoker.java:200)
at org.testng.internal.invokers.TestMethodWorker.invokeTestMethods(TestMethodWorker.java:148)
at org.testng.internal.invokers.TestMethodWorker.run(TestMethodWorker.java:128)
at java.base/java.util.ArrayList.forEach(ArrayList.java:1511)
at org.testng.TestRunner.privateRun(TestRunner.java:848)
at org.testng.TestRunner.run(TestRunner.java:621)
at org.testng.SuiteRunner.runTest(SuiteRunner.java:443)
at org.testng.SuiteRunner.runSequentially(SuiteRunner.java:437)
at org.testng.SuiteRunner.privateRun(SuiteRunner.java:397)
at org.testng.SuiteRunner.run(SuiteRunner.java:336)
at org.testng.SuiteRunnerWorker.runSuite(SuiteRunnerWorker.java:52)
at org.testng.SuiteRunnerWorker.run(SuiteRunnerWorker.java:95)
at org.testng.TestNG.runSuitesSequentially(TestNG.java:1280)
at org.testng.TestNG.runSuitesLocally(TestNG.java:1200)
at org.testng.TestNG.runSuites(TestNG.java:1114)
at org.testng.TestNG.run(TestNG.java:1082)
at org.testng.remote.AbstractRemoteTestNG.run(AbstractRemoteTestNG.java:115)
at org.testng.remote.RemoteTestNG.initAndRun(RemoteTestNG.java:251)
at org.testng.remote.RemoteTestNG.main(RemoteTestNG.java:77)
]]>
            </full-stacktrace>
          </exception> <!-- org.openqa.selenium.NoSuchElementException -->
          <reporter-output>
          </reporter-output>
        </test-method> <!-- deleteFromCart -->
        <test-method is-config="true" signature="close()[pri:0, instance:com.qa.testcases.TC_HomePage_004@327514f]" started-at="2023-10-21T02:05:31 GMT-11:00" name="close" finished-at="2023-10-21T02:05:31 GMT-11:00" duration-ms="177" status="PASS">
          <reporter-output>
          </reporter-output>
        </test-method> <!-- close -->
      </class> <!-- com.qa.testcases.TC_HomePage_004 -->
    </test> <!-- Default test -->
  </suite> <!-- Default suite -->
</testng-results>
