<?xml version="1.0" encoding="UTF-8"?>
<testng-results ignored="0" total="5" passed="5" failed="0" skipped="0">
  <reporter-output>
  </reporter-output>
  <suite started-at="2023-10-20T01:18:35 GMT-11:00" name="Default suite" finished-at="2023-10-20T01:19:38 GMT-11:00" duration-ms="63300">
    <groups>
    </groups>
    <test started-at="2023-10-20T01:18:35 GMT-11:00" name="Default test" finished-at="2023-10-20T01:19:38 GMT-11:00" duration-ms="63300">
      <class name="com.qa.testcases.TC_LogInPage_002">
        <test-method is-config="true" signature="startBrowser()[pri:0, instance:com.qa.testcases.TC_LogInPage_002@3c41ed1d]" started-at="2023-10-20T01:18:34 GMT-11:00" name="startBrowser" finished-at="2023-10-20T01:18:35 GMT-11:00" duration-ms="1318" status="PASS">
          <reporter-output>
          </reporter-output>
        </test-method> <!-- startBrowser -->
        <test-method signature="test1()[pri:0, instance:com.qa.testcases.TC_LogInPage_002@3c41ed1d]" started-at="2023-10-20T01:18:35 GMT-11:00" name="test1" finished-at="2023-10-20T01:18:39 GMT-11:00" duration-ms="4059" status="PASS">
          <reporter-output>
          </reporter-output>
        </test-method> <!-- test1 -->
        <test-method signature="loginWithEmptyInput()[pri:1, instance:com.qa.testcases.TC_LogInPage_002@3c41ed1d]" started-at="2023-10-20T01:18:39 GMT-11:00" name="loginWithEmptyInput" description="Varify User can&#039;t logged in with empty input field" finished-at="2023-10-20T01:18:52 GMT-11:00" duration-ms="12946" status="PASS">
          <reporter-output>
          </reporter-output>
        </test-method> <!-- loginWithEmptyInput -->
        <test-method signature="loginWithInvalidEmail()[pri:1, instance:com.qa.testcases.TC_LogInPage_002@3c41ed1d]" started-at="2023-10-20T01:18:52 GMT-11:00" name="loginWithInvalidEmail" description="Varify User can&#039;t logged in invalid email address" finished-at="2023-10-20T01:19:08 GMT-11:00" duration-ms="15655" status="PASS">
          <reporter-output>
          </reporter-output>
        </test-method> <!-- loginWithInvalidEmail -->
        <test-method signature="loginWithInvalidPassword()[pri:2, instance:com.qa.testcases.TC_LogInPage_002@3c41ed1d]" started-at="2023-10-20T01:19:08 GMT-11:00" name="loginWithInvalidPassword" description="Varify User can&#039;t logged in invalid password" finished-at="2023-10-20T01:19:22 GMT-11:00" duration-ms="14303" status="PASS">
          <reporter-output>
          </reporter-output>
        </test-method> <!-- loginWithInvalidPassword -->
        <test-method signature="loginWithValidEmailAndPassword()[pri:3, instance:com.qa.testcases.TC_LogInPage_002@3c41ed1d]" started-at="2023-10-20T01:19:22 GMT-11:00" name="loginWithValidEmailAndPassword" description="Varify User logged in with correct email and password" finished-at="2023-10-20T01:19:38 GMT-11:00" duration-ms="16305" status="PASS">
          <reporter-output>
          </reporter-output>
        </test-method> <!-- loginWithValidEmailAndPassword -->
        <test-method is-config="true" signature="close()[pri:0, instance:com.qa.testcases.TC_LogInPage_002@3c41ed1d]" started-at="2023-10-20T01:19:38 GMT-11:00" name="close" finished-at="2023-10-20T01:19:38 GMT-11:00" duration-ms="129" status="PASS">
          <reporter-output>
          </reporter-output>
        </test-method> <!-- close -->
      </class> <!-- com.qa.testcases.TC_LogInPage_002 -->
    </test> <!-- Default test -->
  </suite> <!-- Default suite -->
</testng-results>
