<?xml version="1.0" encoding="UTF-8"?>
<testng-results ignored="0" total="2" passed="2" failed="0" skipped="0">
  <reporter-output>
  </reporter-output>
  <suite started-at="2023-10-20T01:40:02 GMT-11:00" name="Default suite" finished-at="2023-10-20T01:40:13 GMT-11:00" duration-ms="11369">
    <groups>
    </groups>
    <test started-at="2023-10-20T01:40:02 GMT-11:00" name="Default test" finished-at="2023-10-20T01:40:13 GMT-11:00" duration-ms="11369">
      <class name="com.qa.testcases.TC_RegisterPage_001">
        <test-method is-config="true" signature="startBrowser()[pri:0, instance:com.qa.testcases.TC_RegisterPage_001@36ebc363]" started-at="2023-10-20T01:40:00 GMT-11:00" name="startBrowser" finished-at="2023-10-20T01:40:02 GMT-11:00" duration-ms="2038" status="PASS">
          <reporter-output>
          </reporter-output>
        </test-method> <!-- startBrowser -->
        <test-method signature="test1()[pri:0, instance:com.qa.testcases.TC_RegisterPage_001@36ebc363]" started-at="2023-10-20T01:40:02 GMT-11:00" name="test1" finished-at="2023-10-20T01:40:07 GMT-11:00" duration-ms="5043" status="PASS">
          <reporter-output>
          </reporter-output>
        </test-method> <!-- test1 -->
        <test-method signature="signUpWithSameEmail()[pri:6, instance:com.qa.testcases.TC_RegisterPage_001@36ebc363]" started-at="2023-10-20T01:40:07 GMT-11:00" name="signUpWithSameEmail" description="Varify User can&#039;t create account with already used email" finished-at="2023-10-20T01:40:13 GMT-11:00" duration-ms="6301" status="PASS">
          <reporter-output>
          </reporter-output>
        </test-method> <!-- signUpWithSameEmail -->
        <test-method is-config="true" signature="close()[pri:0, instance:com.qa.testcases.TC_RegisterPage_001@36ebc363]" started-at="2023-10-20T01:40:13 GMT-11:00" name="close" finished-at="2023-10-20T01:40:13 GMT-11:00" duration-ms="304" status="PASS">
          <reporter-output>
          </reporter-output>
        </test-method> <!-- close -->
      </class> <!-- com.qa.testcases.TC_RegisterPage_001 -->
    </test> <!-- Default test -->
  </suite> <!-- Default suite -->
</testng-results>
